<?xml version="1.0" encoding="UTF-8"?>
<!-- Generated by org.testng.reporters.JUnitXMLReporter -->
<testsuite hostname="Alekseeva" ignored="0" name="Test" tests="4" failures="1" timestamp="2022-02-17T11:28:57 GMT+07:00" time="0.062" errors="0">
  <testcase name="paramsAge" time="0.011" classname="online_tusur.unit_online_tusur.TestNGparamZadanie5"/>
  <testcase name="testNames" time="0.001" classname="online_tusur.unit_online_tusur.TestNGparamZadanie5">
    <failure type="java.lang.AssertionError" message="expected [Petrov-vodkin] but found [Petrov-Vodkin]">
      <![CDATA[java.lang.AssertionError: expected [Petrov-vodkin] but found [Petrov-Vodkin]
at online_tusur.unit_online_tusur.TestNGparamZadanie5.testNames(TestNGparamZadanie5.java:48)
at java.util.ArrayList.forEach(ArrayList.java:1257)
... Removed 33 stack frames]]>
    </failure>
  </testcase> <!-- testNames -->
  <testcase name="testNames" time="0.001" classname="online_tusur.unit_online_tusur.TestNGparamZadanie5"/>
  <testcase name="testNames" time="0.001" classname="online_tusur.unit_online_tusur.TestNGparamZadanie5"/>
</testsuite> <!-- Test -->
