<?xml version="1.0" encoding="UTF-8"?>
<testsuite xmlns:xsi="http://www.w3.org/2001/XMLSchema-instance" xsi:noNamespaceSchemaLocation="https://maven.apache.org/surefire/maven-surefire-plugin/xsd/surefire-test-report.xsd" name="online_tusur.unit_online_tusur.StudentTest" time="0.063" tests="9" errors="0" skipped="0" failures="5">
  <properties>
[...]
</properties>
  <testcase name="testLastName1" classname="online_tusur.unit_online_tusur.StudentTest" time="0.027">
    <failure message="expected: &lt;Петров-Иванов&gt; but was: &lt;Петров-иванов&gt;" type="org.opentest4j.AssertionFailedError"><![CDATA[org.opentest4j.AssertionFailedError: expected: <Петров-Иванов> but was: <Петров-иванов>
	at online_tusur.unit_online_tusur.StudentTest.testLastName1(StudentTest.java:92)
]]></failure>
  </testcase>
  <testcase name="testLastName2" classname="online_tusur.unit_online_tusur.StudentTest" time="0">
    <failure message="expected: &lt;Гомес де ла Серна&gt; but was: &lt;Гомес де ла серна&gt;" type="org.opentest4j.AssertionFailedError"><![CDATA[org.opentest4j.AssertionFailedError: expected: <Гомес де ла Серна> but was: <Гомес де ла серна>
	at online_tusur.unit_online_tusur.StudentTest.testLastName2(StudentTest.java:102)
]]></failure>
  </testcase>
  <testcase name="testLastName3" classname="online_tusur.unit_online_tusur.StudentTest" time="0.002"/>
  <testcase name="testName1" classname="online_tusur.unit_online_tusur.StudentTest" time="0">
    <failure message="expected: &lt;Анна-Мария&gt; but was: &lt;Анна-мария&gt;" type="org.opentest4j.AssertionFailedError"><![CDATA[org.opentest4j.AssertionFailedError: expected: <Анна-Мария> but was: <Анна-мария>
	at online_tusur.unit_online_tusur.StudentTest.testName1(StudentTest.java:154)
]]></failure>
  </testcase>
  <testcase name="testName2" classname="online_tusur.unit_online_tusur.StudentTest" time="0.005">
    <failure message="expected: &lt;Флоренс Луиза&gt; but was: &lt;Флоренс луиза&gt;" type="org.opentest4j.AssertionFailedError"><![CDATA[org.opentest4j.AssertionFailedError: expected: <Флоренс Луиза> but was: <Флоренс луиза>
	at online_tusur.unit_online_tusur.StudentTest.testName2(StudentTest.java:164)
]]></failure>
  </testcase>
  <testcase name="testName3" classname="online_tusur.unit_online_tusur.StudentTest" time="0"/>
  <testcase name="test2_assert" classname="online_tusur.unit_online_tusur.StudentTest" time="0"/>
  <testcase name="test3_assert" classname="online_tusur.unit_online_tusur.StudentTest" time="0">
    <failure message="expected: &lt;50&gt; but was: &lt;18&gt;" type="org.opentest4j.AssertionFailedError"><![CDATA[org.opentest4j.AssertionFailedError: expected: <50> but was: <18>
	at online_tusur.unit_online_tusur.StudentTest.test3_assert(StudentTest.java:48)
]]></failure>
  </testcase>
  <testcase name="test1_assert" classname="online_tusur.unit_online_tusur.StudentTest" time="0"/>
</testsuite>