<?xml version="1.0" encoding="UTF-8"?>
<testng-results skipped="0" failed="0" ignored="1" total="5" passed="4">
  <reporter-output>
  </reporter-output>
  <suite name="Suite" duration-ms="66" started-at="2022-02-25T13:00:12 GMT+07:00" finished-at="2022-02-25T13:00:12 GMT+07:00">
    <groups>
      <group name="StudentTest">
        <method signature="NewTestNG1.testAge1()[pri:0, instance:online_tusur.unit_online_tusur.NewTestNG1@631330c]" name="testAge1" class="online_tusur.unit_online_tusur.NewTestNG1"/>
      </group> <!-- StudentTest -->
      <group name="StudentCollection">
        <method signature="NewTestNG1.testItemCollection()[pri:1, instance:online_tusur.unit_online_tusur.NewTestNG1@631330c]" name="testItemCollection" class="online_tusur.unit_online_tusur.NewTestNG1"/>
        <method signature="NewTestNG1.testNotEmptyCollection()[pri:2, instance:online_tusur.unit_online_tusur.NewTestNG1@631330c]" name="testNotEmptyCollection" class="online_tusur.unit_online_tusur.NewTestNG1"/>
        <method signature="NewTestNG1.testEmptyCollection()[pri:0, instance:online_tusur.unit_online_tusur.NewTestNG1@631330c]" name="testEmptyCollection" class="online_tusur.unit_online_tusur.NewTestNG1"/>
      </group> <!-- StudentCollection -->
    </groups>
    <test name="Test" duration-ms="66" started-at="2022-02-25T13:00:12 GMT+07:00" finished-at="2022-02-25T13:00:12 GMT+07:00">
      <class name="online_tusur.unit_online_tusur.NewTestNG1">
        <test-method status="PASS" signature="setUp()[pri:0, instance:online_tusur.unit_online_tusur.NewTestNG1@631330c]" name="setUp" is-config="true" duration-ms="11" started-at="2022-02-25T13:00:12 GMT+07:00" finished-at="2022-02-25T13:00:12 GMT+07:00">
          <reporter-output>
          </reporter-output>
        </test-method> <!-- setUp -->
        <test-method status="PASS" signature="testAge1()[pri:0, instance:online_tusur.unit_online_tusur.NewTestNG1@631330c]" name="testAge1" duration-ms="6" started-at="2022-02-25T13:00:12 GMT+07:00" finished-at="2022-02-25T13:00:12 GMT+07:00">
          <reporter-output>
          </reporter-output>
        </test-method> <!-- testAge1 -->
        <test-method status="PASS" signature="testEmptyCollection()[pri:0, instance:online_tusur.unit_online_tusur.NewTestNG1@631330c]" name="testEmptyCollection" duration-ms="3" started-at="2022-02-25T13:00:12 GMT+07:00" finished-at="2022-02-25T13:00:12 GMT+07:00">
          <reporter-output>
          </reporter-output>
        </test-method> <!-- testEmptyCollection -->
        <test-method status="PASS" signature="testItemCollection()[pri:1, instance:online_tusur.unit_online_tusur.NewTestNG1@631330c]" name="testItemCollection" duration-ms="1" started-at="2022-02-25T13:00:12 GMT+07:00" finished-at="2022-02-25T13:00:12 GMT+07:00">
          <reporter-output>
          </reporter-output>
        </test-method> <!-- testItemCollection -->
        <test-method status="PASS" signature="testNotEmptyCollection()[pri:2, instance:online_tusur.unit_online_tusur.NewTestNG1@631330c]" name="testNotEmptyCollection" duration-ms="2" started-at="2022-02-25T13:00:12 GMT+07:00" depends-on-methods="online_tusur.unit_online_tusur.NewTestNG1.testItemCollection" finished-at="2022-02-25T13:00:12 GMT+07:00">
          <reporter-output>
          </reporter-output>
        </test-method> <!-- testNotEmptyCollection -->
        <test-method status="PASS" signature="teamDown()[pri:0, instance:online_tusur.unit_online_tusur.NewTestNG1@631330c]" name="teamDown" is-config="true" duration-ms="0" started-at="2022-02-25T13:00:12 GMT+07:00" finished-at="2022-02-25T13:00:12 GMT+07:00">
          <reporter-output>
          </reporter-output>
        </test-method> <!-- teamDown -->
      </class> <!-- online_tusur.unit_online_tusur.NewTestNG1 -->
    </test> <!-- Test -->
  </suite> <!-- Suite -->
</testng-results>
