<?xml version="1.0" encoding="UTF-8"?>
<testng-results skipped="0" failed="5" ignored="0" total="18" passed="13">
  <reporter-output>
  </reporter-output>
  <suite name="Default suite" duration-ms="84" started-at="2022-02-19T12:32:47 GMT+07:00" finished-at="2022-02-19T12:32:47 GMT+07:00">
    <groups>
    </groups>
    <test name="Default test" duration-ms="84" started-at="2022-02-19T12:32:47 GMT+07:00" finished-at="2022-02-19T12:32:47 GMT+07:00">
      <class name="online_tusur.unit_online_tusur.FirstNameTest">
        <test-method status="PASS" signature="SecondName(java.lang.String,java.lang.String,int,online_tusur.unit_online_tusur.Student)[pri:0, instance:online_tusur.unit_online_tusur.FirstNameTest@528931cf, instance params:[]]" name="SecondName" duration-ms="9" started-at="2022-02-19T12:32:47 GMT+07:00" data-provider="firstNameProvider" finished-at="2022-02-19T12:32:47 GMT+07:00">
          <params>
            <param index="0">
              <value>
                <![CDATA[Ivanov]]>
              </value>
            </param>
            <param index="1">
              <value>
                <![CDATA[Alex]]>
              </value>
            </param>
            <param index="2">
              <value>
                <![CDATA[18]]>
              </value>
            </param>
            <param index="3">
              <value>
                <![CDATA[online_tusur.unit_online_tusur.Student@50de0926]]>
              </value>
            </param>
          </params>
          <reporter-output>
          </reporter-output>
        </test-method> <!-- SecondName -->
        <test-method status="PASS" signature="SecondName(java.lang.String,java.lang.String,int,online_tusur.unit_online_tusur.Student)[pri:0, instance:online_tusur.unit_online_tusur.FirstNameTest@528931cf, instance params:[]]" name="SecondName" duration-ms="1" started-at="2022-02-19T12:32:47 GMT+07:00" data-provider="firstNameProvider" finished-at="2022-02-19T12:32:47 GMT+07:00">
          <params>
            <param index="0">
              <value>
                <![CDATA[Petrov]]>
              </value>
            </param>
            <param index="1">
              <value>
                <![CDATA[Piter]]>
              </value>
            </param>
            <param index="2">
              <value>
                <![CDATA[35]]>
              </value>
            </param>
            <param index="3">
              <value>
                <![CDATA[online_tusur.unit_online_tusur.Student@2f490758]]>
              </value>
            </param>
          </params>
          <reporter-output>
          </reporter-output>
        </test-method> <!-- SecondName -->
        <test-method status="PASS" signature="SecondName(java.lang.String,java.lang.String,int,online_tusur.unit_online_tusur.Student)[pri:0, instance:online_tusur.unit_online_tusur.FirstNameTest@528931cf, instance params:[]]" name="SecondName" duration-ms="3" started-at="2022-02-19T12:32:47 GMT+07:00" data-provider="firstNameProvider" finished-at="2022-02-19T12:32:47 GMT+07:00">
          <params>
            <param index="0">
              <value>
                <![CDATA[Silvian]]>
              </value>
            </param>
            <param index="1">
              <value>
                <![CDATA[Roza Flora Luna]]>
              </value>
            </param>
            <param index="2">
              <value>
                <![CDATA[18]]>
              </value>
            </param>
            <param index="3">
              <value>
                <![CDATA[online_tusur.unit_online_tusur.Student@166fa74d]]>
              </value>
            </param>
          </params>
          <reporter-output>
          </reporter-output>
        </test-method> <!-- SecondName -->
        <test-method status="PASS" signature="SecondName(java.lang.String,java.lang.String,int,online_tusur.unit_online_tusur.Student)[pri:0, instance:online_tusur.unit_online_tusur.FirstNameTest@528931cf, instance params:[]]" name="SecondName" duration-ms="1" started-at="2022-02-19T12:32:47 GMT+07:00" data-provider="firstNameProvider" finished-at="2022-02-19T12:32:47 GMT+07:00">
          <params>
            <param index="0">
              <value>
                <![CDATA[Ivanov]]>
              </value>
            </param>
            <param index="1">
              <value>
                <![CDATA[Ivan]]>
              </value>
            </param>
            <param index="2">
              <value>
                <![CDATA[18]]>
              </value>
            </param>
            <param index="3">
              <value>
                <![CDATA[online_tusur.unit_online_tusur.Student@276438c9]]>
              </value>
            </param>
          </params>
          <reporter-output>
          </reporter-output>
        </test-method> <!-- SecondName -->
        <test-method status="FAIL" signature="SecondName(java.lang.String,java.lang.String,int,online_tusur.unit_online_tusur.Student)[pri:0, instance:online_tusur.unit_online_tusur.FirstNameTest@528931cf, instance params:[]]" name="SecondName" duration-ms="2" started-at="2022-02-19T12:32:47 GMT+07:00" data-provider="firstNameProvider" finished-at="2022-02-19T12:32:47 GMT+07:00">
          <params>
            <param index="0">
              <value>
                <![CDATA[Saltykov-Shedrin]]>
              </value>
            </param>
            <param index="1">
              <value>
                <![CDATA[Mike]]>
              </value>
            </param>
            <param index="2">
              <value>
                <![CDATA[50]]>
              </value>
            </param>
            <param index="3">
              <value>
                <![CDATA[online_tusur.unit_online_tusur.Student@33b37288]]>
              </value>
            </param>
          </params>
          <exception class="java.lang.AssertionError">
            <message>
              <![CDATA[expected [Saltykov-shedrin] but found [Saltykov-Shedrin]]]>
            </message>
            <full-stacktrace>
              <![CDATA[java.lang.AssertionError: expected [Saltykov-shedrin] but found [Saltykov-Shedrin]
at org.testng.Assert.fail(Assert.java:99)
at org.testng.Assert.failNotEquals(Assert.java:1037)
at org.testng.Assert.assertEqualsImpl(Assert.java:140)
at org.testng.Assert.assertEquals(Assert.java:122)
at org.testng.Assert.assertEquals(Assert.java:629)
at org.testng.Assert.assertEquals(Assert.java:639)
at online_tusur.unit_online_tusur.FirstNameTest.SecondName(TestNGFactory.java:46)
at sun.reflect.NativeMethodAccessorImpl.invoke0(Native Method)
at sun.reflect.NativeMethodAccessorImpl.invoke(NativeMethodAccessorImpl.java:62)
at sun.reflect.DelegatingMethodAccessorImpl.invoke(DelegatingMethodAccessorImpl.java:43)
at java.lang.reflect.Method.invoke(Method.java:498)
at org.testng.internal.MethodInvocationHelper.invokeMethod(MethodInvocationHelper.java:133)
at org.testng.internal.TestInvoker.invokeMethod(TestInvoker.java:598)
at org.testng.internal.TestInvoker.invokeTestMethod(TestInvoker.java:173)
at org.testng.internal.MethodRunner.runInSequence(MethodRunner.java:46)
at org.testng.internal.TestInvoker$MethodInvocationAgent.invoke(TestInvoker.java:824)
at org.testng.internal.TestInvoker.invokeTestMethods(TestInvoker.java:146)
at org.testng.internal.TestMethodWorker.invokeTestMethods(TestMethodWorker.java:146)
at org.testng.internal.TestMethodWorker.run(TestMethodWorker.java:128)
at java.util.ArrayList.forEach(ArrayList.java:1257)
at org.testng.TestRunner.privateRun(TestRunner.java:794)
at org.testng.TestRunner.run(TestRunner.java:596)
at org.testng.SuiteRunner.runTest(SuiteRunner.java:377)
at org.testng.SuiteRunner.runSequentially(SuiteRunner.java:371)
at org.testng.SuiteRunner.privateRun(SuiteRunner.java:332)
at org.testng.SuiteRunner.run(SuiteRunner.java:276)
at org.testng.SuiteRunnerWorker.runSuite(SuiteRunnerWorker.java:53)
at org.testng.SuiteRunnerWorker.run(SuiteRunnerWorker.java:96)
at org.testng.TestNG.runSuitesSequentially(TestNG.java:1212)
at org.testng.TestNG.runSuitesLocally(TestNG.java:1134)
at org.testng.TestNG.runSuites(TestNG.java:1063)
at org.testng.TestNG.run(TestNG.java:1031)
at org.testng.remote.AbstractRemoteTestNG.run(AbstractRemoteTestNG.java:115)
at org.testng.remote.RemoteTestNG.initAndRun(RemoteTestNG.java:251)
at org.testng.remote.RemoteTestNG.main(RemoteTestNG.java:77)
]]>
            </full-stacktrace>
          </exception> <!-- java.lang.AssertionError -->
          <reporter-output>
          </reporter-output>
        </test-method> <!-- SecondName -->
        <test-method status="FAIL" signature="SecondName(java.lang.String,java.lang.String,int,online_tusur.unit_online_tusur.Student)[pri:0, instance:online_tusur.unit_online_tusur.FirstNameTest@528931cf, instance params:[]]" name="SecondName" duration-ms="1" started-at="2022-02-19T12:32:47 GMT+07:00" data-provider="firstNameProvider" finished-at="2022-02-19T12:32:47 GMT+07:00">
          <params>
            <param index="0">
              <value>
                <![CDATA[Sil de Royz]]>
              </value>
            </param>
            <param index="1">
              <value>
                <![CDATA[Anna-Maria]]>
              </value>
            </param>
            <param index="2">
              <value>
                <![CDATA[18]]>
              </value>
            </param>
            <param index="3">
              <value>
                <![CDATA[online_tusur.unit_online_tusur.Student@32464a14]]>
              </value>
            </param>
          </params>
          <exception class="java.lang.AssertionError">
            <message>
              <![CDATA[expected [Sil de royz] but found [Sil de Royz]]]>
            </message>
            <full-stacktrace>
              <![CDATA[java.lang.AssertionError: expected [Sil de royz] but found [Sil de Royz]
at org.testng.Assert.fail(Assert.java:99)
at org.testng.Assert.failNotEquals(Assert.java:1037)
at org.testng.Assert.assertEqualsImpl(Assert.java:140)
at org.testng.Assert.assertEquals(Assert.java:122)
at org.testng.Assert.assertEquals(Assert.java:629)
at org.testng.Assert.assertEquals(Assert.java:639)
at online_tusur.unit_online_tusur.FirstNameTest.SecondName(TestNGFactory.java:46)
at sun.reflect.NativeMethodAccessorImpl.invoke0(Native Method)
at sun.reflect.NativeMethodAccessorImpl.invoke(NativeMethodAccessorImpl.java:62)
at sun.reflect.DelegatingMethodAccessorImpl.invoke(DelegatingMethodAccessorImpl.java:43)
at java.lang.reflect.Method.invoke(Method.java:498)
at org.testng.internal.MethodInvocationHelper.invokeMethod(MethodInvocationHelper.java:133)
at org.testng.internal.TestInvoker.invokeMethod(TestInvoker.java:598)
at org.testng.internal.TestInvoker.invokeTestMethod(TestInvoker.java:173)
at org.testng.internal.MethodRunner.runInSequence(MethodRunner.java:46)
at org.testng.internal.TestInvoker$MethodInvocationAgent.invoke(TestInvoker.java:824)
at org.testng.internal.TestInvoker.invokeTestMethods(TestInvoker.java:146)
at org.testng.internal.TestMethodWorker.invokeTestMethods(TestMethodWorker.java:146)
at org.testng.internal.TestMethodWorker.run(TestMethodWorker.java:128)
at java.util.ArrayList.forEach(ArrayList.java:1257)
at org.testng.TestRunner.privateRun(TestRunner.java:794)
at org.testng.TestRunner.run(TestRunner.java:596)
at org.testng.SuiteRunner.runTest(SuiteRunner.java:377)
at org.testng.SuiteRunner.runSequentially(SuiteRunner.java:371)
at org.testng.SuiteRunner.privateRun(SuiteRunner.java:332)
at org.testng.SuiteRunner.run(SuiteRunner.java:276)
at org.testng.SuiteRunnerWorker.runSuite(SuiteRunnerWorker.java:53)
at org.testng.SuiteRunnerWorker.run(SuiteRunnerWorker.java:96)
at org.testng.TestNG.runSuitesSequentially(TestNG.java:1212)
at org.testng.TestNG.runSuitesLocally(TestNG.java:1134)
at org.testng.TestNG.runSuites(TestNG.java:1063)
at org.testng.TestNG.run(TestNG.java:1031)
at org.testng.remote.AbstractRemoteTestNG.run(AbstractRemoteTestNG.java:115)
at org.testng.remote.RemoteTestNG.initAndRun(RemoteTestNG.java:251)
at org.testng.remote.RemoteTestNG.main(RemoteTestNG.java:77)
]]>
            </full-stacktrace>
          </exception> <!-- java.lang.AssertionError -->
          <reporter-output>
          </reporter-output>
        </test-method> <!-- SecondName -->
        <test-method status="PASS" signature="age_student(java.lang.String,java.lang.String,int,online_tusur.unit_online_tusur.Student)[pri:0, instance:online_tusur.unit_online_tusur.FirstNameTest@528931cf, instance params:[]]" name="age_student" duration-ms="0" started-at="2022-02-19T12:32:47 GMT+07:00" data-provider="firstNameProvider" finished-at="2022-02-19T12:32:47 GMT+07:00">
          <params>
            <param index="0">
              <value>
                <![CDATA[Ivanov]]>
              </value>
            </param>
            <param index="1">
              <value>
                <![CDATA[Alex]]>
              </value>
            </param>
            <param index="2">
              <value>
                <![CDATA[18]]>
              </value>
            </param>
            <param index="3">
              <value>
                <![CDATA[online_tusur.unit_online_tusur.Student@1efee8e7]]>
              </value>
            </param>
          </params>
          <reporter-output>
          </reporter-output>
        </test-method> <!-- age_student -->
        <test-method status="PASS" signature="age_student(java.lang.String,java.lang.String,int,online_tusur.unit_online_tusur.Student)[pri:0, instance:online_tusur.unit_online_tusur.FirstNameTest@528931cf, instance params:[]]" name="age_student" duration-ms="1" started-at="2022-02-19T12:32:47 GMT+07:00" data-provider="firstNameProvider" finished-at="2022-02-19T12:32:47 GMT+07:00">
          <params>
            <param index="0">
              <value>
                <![CDATA[Petrov]]>
              </value>
            </param>
            <param index="1">
              <value>
                <![CDATA[Piter]]>
              </value>
            </param>
            <param index="2">
              <value>
                <![CDATA[35]]>
              </value>
            </param>
            <param index="3">
              <value>
                <![CDATA[online_tusur.unit_online_tusur.Student@76a4d6c]]>
              </value>
            </param>
          </params>
          <reporter-output>
          </reporter-output>
        </test-method> <!-- age_student -->
        <test-method status="PASS" signature="age_student(java.lang.String,java.lang.String,int,online_tusur.unit_online_tusur.Student)[pri:0, instance:online_tusur.unit_online_tusur.FirstNameTest@528931cf, instance params:[]]" name="age_student" duration-ms="1" started-at="2022-02-19T12:32:47 GMT+07:00" data-provider="firstNameProvider" finished-at="2022-02-19T12:32:47 GMT+07:00">
          <params>
            <param index="0">
              <value>
                <![CDATA[Silvian]]>
              </value>
            </param>
            <param index="1">
              <value>
                <![CDATA[Roza Flora Luna]]>
              </value>
            </param>
            <param index="2">
              <value>
                <![CDATA[18]]>
              </value>
            </param>
            <param index="3">
              <value>
                <![CDATA[online_tusur.unit_online_tusur.Student@6cc7b4de]]>
              </value>
            </param>
          </params>
          <reporter-output>
          </reporter-output>
        </test-method> <!-- age_student -->
        <test-method status="PASS" signature="age_student(java.lang.String,java.lang.String,int,online_tusur.unit_online_tusur.Student)[pri:0, instance:online_tusur.unit_online_tusur.FirstNameTest@528931cf, instance params:[]]" name="age_student" duration-ms="0" started-at="2022-02-19T12:32:47 GMT+07:00" data-provider="firstNameProvider" finished-at="2022-02-19T12:32:47 GMT+07:00">
          <params>
            <param index="0">
              <value>
                <![CDATA[Ivanov]]>
              </value>
            </param>
            <param index="1">
              <value>
                <![CDATA[Ivan]]>
              </value>
            </param>
            <param index="2">
              <value>
                <![CDATA[18]]>
              </value>
            </param>
            <param index="3">
              <value>
                <![CDATA[online_tusur.unit_online_tusur.Student@679b62af]]>
              </value>
            </param>
          </params>
          <reporter-output>
          </reporter-output>
        </test-method> <!-- age_student -->
        <test-method status="FAIL" signature="age_student(java.lang.String,java.lang.String,int,online_tusur.unit_online_tusur.Student)[pri:0, instance:online_tusur.unit_online_tusur.FirstNameTest@528931cf, instance params:[]]" name="age_student" duration-ms="1" started-at="2022-02-19T12:32:47 GMT+07:00" data-provider="firstNameProvider" finished-at="2022-02-19T12:32:47 GMT+07:00">
          <params>
            <param index="0">
              <value>
                <![CDATA[Saltykov-Shedrin]]>
              </value>
            </param>
            <param index="1">
              <value>
                <![CDATA[Mike]]>
              </value>
            </param>
            <param index="2">
              <value>
                <![CDATA[50]]>
              </value>
            </param>
            <param index="3">
              <value>
                <![CDATA[online_tusur.unit_online_tusur.Student@45afc369]]>
              </value>
            </param>
          </params>
          <exception class="java.lang.AssertionError">
            <message>
              <![CDATA[expected [18] but found [50]]]>
            </message>
            <full-stacktrace>
              <![CDATA[java.lang.AssertionError: expected [18] but found [50]
at org.testng.Assert.fail(Assert.java:99)
at org.testng.Assert.failNotEquals(Assert.java:1037)
at org.testng.Assert.assertEqualsImpl(Assert.java:140)
at org.testng.Assert.assertEquals(Assert.java:122)
at org.testng.Assert.assertEquals(Assert.java:907)
at org.testng.Assert.assertEquals(Assert.java:917)
at online_tusur.unit_online_tusur.FirstNameTest.age_student(TestNGFactory.java:52)
at sun.reflect.NativeMethodAccessorImpl.invoke0(Native Method)
at sun.reflect.NativeMethodAccessorImpl.invoke(NativeMethodAccessorImpl.java:62)
at sun.reflect.DelegatingMethodAccessorImpl.invoke(DelegatingMethodAccessorImpl.java:43)
at java.lang.reflect.Method.invoke(Method.java:498)
at org.testng.internal.MethodInvocationHelper.invokeMethod(MethodInvocationHelper.java:133)
at org.testng.internal.TestInvoker.invokeMethod(TestInvoker.java:598)
at org.testng.internal.TestInvoker.invokeTestMethod(TestInvoker.java:173)
at org.testng.internal.MethodRunner.runInSequence(MethodRunner.java:46)
at org.testng.internal.TestInvoker$MethodInvocationAgent.invoke(TestInvoker.java:824)
at org.testng.internal.TestInvoker.invokeTestMethods(TestInvoker.java:146)
at org.testng.internal.TestMethodWorker.invokeTestMethods(TestMethodWorker.java:146)
at org.testng.internal.TestMethodWorker.run(TestMethodWorker.java:128)
at java.util.ArrayList.forEach(ArrayList.java:1257)
at org.testng.TestRunner.privateRun(TestRunner.java:794)
at org.testng.TestRunner.run(TestRunner.java:596)
at org.testng.SuiteRunner.runTest(SuiteRunner.java:377)
at org.testng.SuiteRunner.runSequentially(SuiteRunner.java:371)
at org.testng.SuiteRunner.privateRun(SuiteRunner.java:332)
at org.testng.SuiteRunner.run(SuiteRunner.java:276)
at org.testng.SuiteRunnerWorker.runSuite(SuiteRunnerWorker.java:53)
at org.testng.SuiteRunnerWorker.run(SuiteRunnerWorker.java:96)
at org.testng.TestNG.runSuitesSequentially(TestNG.java:1212)
at org.testng.TestNG.runSuitesLocally(TestNG.java:1134)
at org.testng.TestNG.runSuites(TestNG.java:1063)
at org.testng.TestNG.run(TestNG.java:1031)
at org.testng.remote.AbstractRemoteTestNG.run(AbstractRemoteTestNG.java:115)
at org.testng.remote.RemoteTestNG.initAndRun(RemoteTestNG.java:251)
at org.testng.remote.RemoteTestNG.main(RemoteTestNG.java:77)
]]>
            </full-stacktrace>
          </exception> <!-- java.lang.AssertionError -->
          <reporter-output>
          </reporter-output>
        </test-method> <!-- age_student -->
        <test-method status="PASS" signature="age_student(java.lang.String,java.lang.String,int,online_tusur.unit_online_tusur.Student)[pri:0, instance:online_tusur.unit_online_tusur.FirstNameTest@528931cf, instance params:[]]" name="age_student" duration-ms="1" started-at="2022-02-19T12:32:47 GMT+07:00" data-provider="firstNameProvider" finished-at="2022-02-19T12:32:47 GMT+07:00">
          <params>
            <param index="0">
              <value>
                <![CDATA[Sil de Royz]]>
              </value>
            </param>
            <param index="1">
              <value>
                <![CDATA[Anna-Maria]]>
              </value>
            </param>
            <param index="2">
              <value>
                <![CDATA[18]]>
              </value>
            </param>
            <param index="3">
              <value>
                <![CDATA[online_tusur.unit_online_tusur.Student@290dbf45]]>
              </value>
            </param>
          </params>
          <reporter-output>
          </reporter-output>
        </test-method> <!-- age_student -->
        <test-method status="PASS" signature="firstName(java.lang.String,java.lang.String,int,online_tusur.unit_online_tusur.Student)[pri:0, instance:online_tusur.unit_online_tusur.FirstNameTest@528931cf, instance params:[]]" name="firstName" duration-ms="0" started-at="2022-02-19T12:32:47 GMT+07:00" data-provider="firstNameProvider" finished-at="2022-02-19T12:32:47 GMT+07:00">
          <params>
            <param index="0">
              <value>
                <![CDATA[Ivanov]]>
              </value>
            </param>
            <param index="1">
              <value>
                <![CDATA[Alex]]>
              </value>
            </param>
            <param index="2">
              <value>
                <![CDATA[18]]>
              </value>
            </param>
            <param index="3">
              <value>
                <![CDATA[online_tusur.unit_online_tusur.Student@17776a8]]>
              </value>
            </param>
          </params>
          <reporter-output>
          </reporter-output>
        </test-method> <!-- firstName -->
        <test-method status="PASS" signature="firstName(java.lang.String,java.lang.String,int,online_tusur.unit_online_tusur.Student)[pri:0, instance:online_tusur.unit_online_tusur.FirstNameTest@528931cf, instance params:[]]" name="firstName" duration-ms="1" started-at="2022-02-19T12:32:47 GMT+07:00" data-provider="firstNameProvider" finished-at="2022-02-19T12:32:47 GMT+07:00">
          <params>
            <param index="0">
              <value>
                <![CDATA[Petrov]]>
              </value>
            </param>
            <param index="1">
              <value>
                <![CDATA[Piter]]>
              </value>
            </param>
            <param index="2">
              <value>
                <![CDATA[35]]>
              </value>
            </param>
            <param index="3">
              <value>
                <![CDATA[online_tusur.unit_online_tusur.Student@2d127a61]]>
              </value>
            </param>
          </params>
          <reporter-output>
          </reporter-output>
        </test-method> <!-- firstName -->
        <test-method status="FAIL" signature="firstName(java.lang.String,java.lang.String,int,online_tusur.unit_online_tusur.Student)[pri:0, instance:online_tusur.unit_online_tusur.FirstNameTest@528931cf, instance params:[]]" name="firstName" duration-ms="1" started-at="2022-02-19T12:32:47 GMT+07:00" data-provider="firstNameProvider" finished-at="2022-02-19T12:32:47 GMT+07:00">
          <params>
            <param index="0">
              <value>
                <![CDATA[Silvian]]>
              </value>
            </param>
            <param index="1">
              <value>
                <![CDATA[Roza Flora Luna]]>
              </value>
            </param>
            <param index="2">
              <value>
                <![CDATA[18]]>
              </value>
            </param>
            <param index="3">
              <value>
                <![CDATA[online_tusur.unit_online_tusur.Student@11c20519]]>
              </value>
            </param>
          </params>
          <exception class="java.lang.AssertionError">
            <message>
              <![CDATA[expected [Roza flora luna] but found [Roza Flora Luna]]]>
            </message>
            <full-stacktrace>
              <![CDATA[java.lang.AssertionError: expected [Roza flora luna] but found [Roza Flora Luna]
at org.testng.Assert.fail(Assert.java:99)
at org.testng.Assert.failNotEquals(Assert.java:1037)
at org.testng.Assert.assertEqualsImpl(Assert.java:140)
at org.testng.Assert.assertEquals(Assert.java:122)
at org.testng.Assert.assertEquals(Assert.java:629)
at org.testng.Assert.assertEquals(Assert.java:639)
at online_tusur.unit_online_tusur.FirstNameTest.firstName(TestNGFactory.java:40)
at sun.reflect.NativeMethodAccessorImpl.invoke0(Native Method)
at sun.reflect.NativeMethodAccessorImpl.invoke(NativeMethodAccessorImpl.java:62)
at sun.reflect.DelegatingMethodAccessorImpl.invoke(DelegatingMethodAccessorImpl.java:43)
at java.lang.reflect.Method.invoke(Method.java:498)
at org.testng.internal.MethodInvocationHelper.invokeMethod(MethodInvocationHelper.java:133)
at org.testng.internal.TestInvoker.invokeMethod(TestInvoker.java:598)
at org.testng.internal.TestInvoker.invokeTestMethod(TestInvoker.java:173)
at org.testng.internal.MethodRunner.runInSequence(MethodRunner.java:46)
at org.testng.internal.TestInvoker$MethodInvocationAgent.invoke(TestInvoker.java:824)
at org.testng.internal.TestInvoker.invokeTestMethods(TestInvoker.java:146)
at org.testng.internal.TestMethodWorker.invokeTestMethods(TestMethodWorker.java:146)
at org.testng.internal.TestMethodWorker.run(TestMethodWorker.java:128)
at java.util.ArrayList.forEach(ArrayList.java:1257)
at org.testng.TestRunner.privateRun(TestRunner.java:794)
at org.testng.TestRunner.run(TestRunner.java:596)
at org.testng.SuiteRunner.runTest(SuiteRunner.java:377)
at org.testng.SuiteRunner.runSequentially(SuiteRunner.java:371)
at org.testng.SuiteRunner.privateRun(SuiteRunner.java:332)
at org.testng.SuiteRunner.run(SuiteRunner.java:276)
at org.testng.SuiteRunnerWorker.runSuite(SuiteRunnerWorker.java:53)
at org.testng.SuiteRunnerWorker.run(SuiteRunnerWorker.java:96)
at org.testng.TestNG.runSuitesSequentially(TestNG.java:1212)
at org.testng.TestNG.runSuitesLocally(TestNG.java:1134)
at org.testng.TestNG.runSuites(TestNG.java:1063)
at org.testng.TestNG.run(TestNG.java:1031)
at org.testng.remote.AbstractRemoteTestNG.run(AbstractRemoteTestNG.java:115)
at org.testng.remote.RemoteTestNG.initAndRun(RemoteTestNG.java:251)
at org.testng.remote.RemoteTestNG.main(RemoteTestNG.java:77)
]]>
            </full-stacktrace>
          </exception> <!-- java.lang.AssertionError -->
          <reporter-output>
          </reporter-output>
        </test-method> <!-- firstName -->
        <test-method status="PASS" signature="firstName(java.lang.String,java.lang.String,int,online_tusur.unit_online_tusur.Student)[pri:0, instance:online_tusur.unit_online_tusur.FirstNameTest@528931cf, instance params:[]]" name="firstName" duration-ms="0" started-at="2022-02-19T12:32:47 GMT+07:00" data-provider="firstNameProvider" finished-at="2022-02-19T12:32:47 GMT+07:00">
          <params>
            <param index="0">
              <value>
                <![CDATA[Ivanov]]>
              </value>
            </param>
            <param index="1">
              <value>
                <![CDATA[Ivan]]>
              </value>
            </param>
            <param index="2">
              <value>
                <![CDATA[18]]>
              </value>
            </param>
            <param index="3">
              <value>
                <![CDATA[online_tusur.unit_online_tusur.Student@32a068d1]]>
              </value>
            </param>
          </params>
          <reporter-output>
          </reporter-output>
        </test-method> <!-- firstName -->
        <test-method status="PASS" signature="firstName(java.lang.String,java.lang.String,int,online_tusur.unit_online_tusur.Student)[pri:0, instance:online_tusur.unit_online_tusur.FirstNameTest@528931cf, instance params:[]]" name="firstName" duration-ms="1" started-at="2022-02-19T12:32:47 GMT+07:00" data-provider="firstNameProvider" finished-at="2022-02-19T12:32:47 GMT+07:00">
          <params>
            <param index="0">
              <value>
                <![CDATA[Saltykov-Shedrin]]>
              </value>
            </param>
            <param index="1">
              <value>
                <![CDATA[Mike]]>
              </value>
            </param>
            <param index="2">
              <value>
                <![CDATA[50]]>
              </value>
            </param>
            <param index="3">
              <value>
                <![CDATA[online_tusur.unit_online_tusur.Student@365c30cc]]>
              </value>
            </param>
          </params>
          <reporter-output>
          </reporter-output>
        </test-method> <!-- firstName -->
        <test-method status="FAIL" signature="firstName(java.lang.String,java.lang.String,int,online_tusur.unit_online_tusur.Student)[pri:0, instance:online_tusur.unit_online_tusur.FirstNameTest@528931cf, instance params:[]]" name="firstName" duration-ms="0" started-at="2022-02-19T12:32:47 GMT+07:00" data-provider="firstNameProvider" finished-at="2022-02-19T12:32:47 GMT+07:00">
          <params>
            <param index="0">
              <value>
                <![CDATA[Sil de Royz]]>
              </value>
            </param>
            <param index="1">
              <value>
                <![CDATA[Anna-Maria]]>
              </value>
            </param>
            <param index="2">
              <value>
                <![CDATA[18]]>
              </value>
            </param>
            <param index="3">
              <value>
                <![CDATA[online_tusur.unit_online_tusur.Student@4148db48]]>
              </value>
            </param>
          </params>
          <exception class="java.lang.AssertionError">
            <message>
              <![CDATA[expected [Anna-maria] but found [Anna-Maria]]]>
            </message>
            <full-stacktrace>
              <![CDATA[java.lang.AssertionError: expected [Anna-maria] but found [Anna-Maria]
at org.testng.Assert.fail(Assert.java:99)
at org.testng.Assert.failNotEquals(Assert.java:1037)
at org.testng.Assert.assertEqualsImpl(Assert.java:140)
at org.testng.Assert.assertEquals(Assert.java:122)
at org.testng.Assert.assertEquals(Assert.java:629)
at org.testng.Assert.assertEquals(Assert.java:639)
at online_tusur.unit_online_tusur.FirstNameTest.firstName(TestNGFactory.java:40)
at sun.reflect.NativeMethodAccessorImpl.invoke0(Native Method)
at sun.reflect.NativeMethodAccessorImpl.invoke(NativeMethodAccessorImpl.java:62)
at sun.reflect.DelegatingMethodAccessorImpl.invoke(DelegatingMethodAccessorImpl.java:43)
at java.lang.reflect.Method.invoke(Method.java:498)
at org.testng.internal.MethodInvocationHelper.invokeMethod(MethodInvocationHelper.java:133)
at org.testng.internal.TestInvoker.invokeMethod(TestInvoker.java:598)
at org.testng.internal.TestInvoker.invokeTestMethod(TestInvoker.java:173)
at org.testng.internal.MethodRunner.runInSequence(MethodRunner.java:46)
at org.testng.internal.TestInvoker$MethodInvocationAgent.invoke(TestInvoker.java:824)
at org.testng.internal.TestInvoker.invokeTestMethods(TestInvoker.java:146)
at org.testng.internal.TestMethodWorker.invokeTestMethods(TestMethodWorker.java:146)
at org.testng.internal.TestMethodWorker.run(TestMethodWorker.java:128)
at java.util.ArrayList.forEach(ArrayList.java:1257)
at org.testng.TestRunner.privateRun(TestRunner.java:794)
at org.testng.TestRunner.run(TestRunner.java:596)
at org.testng.SuiteRunner.runTest(SuiteRunner.java:377)
at org.testng.SuiteRunner.runSequentially(SuiteRunner.java:371)
at org.testng.SuiteRunner.privateRun(SuiteRunner.java:332)
at org.testng.SuiteRunner.run(SuiteRunner.java:276)
at org.testng.SuiteRunnerWorker.runSuite(SuiteRunnerWorker.java:53)
at org.testng.SuiteRunnerWorker.run(SuiteRunnerWorker.java:96)
at org.testng.TestNG.runSuitesSequentially(TestNG.java:1212)
at org.testng.TestNG.runSuitesLocally(TestNG.java:1134)
at org.testng.TestNG.runSuites(TestNG.java:1063)
at org.testng.TestNG.run(TestNG.java:1031)
at org.testng.remote.AbstractRemoteTestNG.run(AbstractRemoteTestNG.java:115)
at org.testng.remote.RemoteTestNG.initAndRun(RemoteTestNG.java:251)
at org.testng.remote.RemoteTestNG.main(RemoteTestNG.java:77)
]]>
            </full-stacktrace>
          </exception> <!-- java.lang.AssertionError -->
          <reporter-output>
          </reporter-output>
        </test-method> <!-- firstName -->
      </class> <!-- online_tusur.unit_online_tusur.FirstNameTest -->
    </test> <!-- Default test -->
  </suite> <!-- Default suite -->
</testng-results>
